2021-07-13 09:41:45.434  INFO 3772 --- [restartedMain] com.far.RecrutementApplication           : Starting RecrutementApplication on DESKTOP-9DRNAQ4 with PID 3772 (D:\recrutement-ISTA-21\target\classes started by younes in D:\recrutement-ISTA-21)
2021-07-13 09:41:45.465  INFO 3772 --- [restartedMain] com.far.RecrutementApplication           : No active profile set, falling back to default profiles: default
2021-07-13 09:41:45.747  INFO 3772 --- [restartedMain] ConfigServletWebServerApplicationContext : Refreshing org.springframework.boot.web.servlet.context.AnnotationConfigServletWebServerApplicationContext@15105016: startup date [Tue Jul 13 09:41:45 WEST 2021]; root of context hierarchy
2021-07-13 09:41:52.199  INFO 3772 --- [restartedMain] trationDelegate$BeanPostProcessorChecker : Bean 'org.springframework.transaction.annotation.ProxyTransactionManagementConfiguration' of type [org.springframework.transaction.annotation.ProxyTransactionManagementConfiguration$$EnhancerBySpringCGLIB$$dc369839] is not eligible for getting processed by all BeanPostProcessors (for example: not eligible for auto-proxying)
2021-07-13 09:41:54.277  INFO 3772 --- [restartedMain] o.s.b.w.embedded.tomcat.TomcatWebServer  : Tomcat initialized with port(s): 99 (http)
2021-07-13 09:41:54.324  INFO 3772 --- [restartedMain] o.apache.catalina.core.StandardService   : Starting service [Tomcat]
2021-07-13 09:41:54.324  INFO 3772 --- [restartedMain] org.apache.catalina.core.StandardEngine  : Starting Servlet Engine: Apache Tomcat/8.5.31
2021-07-13 09:41:54.340  INFO 3772 --- [localhost-startStop-1] o.a.catalina.core.AprLifecycleListener   : The APR based Apache Tomcat Native library which allows optimal performance in production environments was not found on the java.library.path: [C:\Program Files\Java\jdk1.8.0_181\bin;C:\WINDOWS\Sun\Java\bin;C:\WINDOWS\system32;C:\WINDOWS;C:\Program Files\Common Files\Oracle\Java\javapath_target_259993718;C:\WINDOWS\system32;C:\WINDOWS;C:\WINDOWS\System32\Wbem;C:\WINDOWS\System32\WindowsPowerShell\v1.0\;C:\WINDOWS\System32\OpenSSH\;C:\Program Files\Java\jdk-11.0.10\bin;C:\apache-maven-3.8.1\bin;C:\Users\younes\AppData\Local\Microsoft\WindowsApps;;C:\Program Files\JetBrains\IntelliJ IDEA 2020.2.3\bin;;.]
2021-07-13 09:41:54.699  INFO 3772 --- [localhost-startStop-1] o.a.c.c.C.[Tomcat].[localhost].[/]       : Initializing Spring embedded WebApplicationContext
2021-07-13 09:41:54.699  INFO 3772 --- [localhost-startStop-1] o.s.web.context.ContextLoader            : Root WebApplicationContext: initialization completed in 8952 ms
2021-07-13 09:41:55.105  INFO 3772 --- [localhost-startStop-1] o.s.b.w.servlet.FilterRegistrationBean   : Mapping filter: 'characterEncodingFilter' to: [/*]
2021-07-13 09:41:55.105  INFO 3772 --- [localhost-startStop-1] o.s.b.w.servlet.FilterRegistrationBean   : Mapping filter: 'hiddenHttpMethodFilter' to: [/*]
2021-07-13 09:41:55.105  INFO 3772 --- [localhost-startStop-1] o.s.b.w.servlet.FilterRegistrationBean   : Mapping filter: 'httpPutFormContentFilter' to: [/*]
2021-07-13 09:41:55.105  INFO 3772 --- [localhost-startStop-1] o.s.b.w.servlet.FilterRegistrationBean   : Mapping filter: 'requestContextFilter' to: [/*]
2021-07-13 09:41:55.105  INFO 3772 --- [localhost-startStop-1] .s.DelegatingFilterProxyRegistrationBean : Mapping filter: 'springSecurityFilterChain' to: [/*]
2021-07-13 09:41:55.105  INFO 3772 --- [localhost-startStop-1] o.s.b.w.servlet.ServletRegistrationBean  : Servlet loggableDispatcherServlet mapped to []
2021-07-13 09:41:55.121  INFO 3772 --- [localhost-startStop-1] o.s.b.w.servlet.ServletRegistrationBean  : Servlet dispatcherServlet mapped to [/]
2021-07-13 09:41:55.543  INFO 3772 --- [restartedMain] com.zaxxer.hikari.HikariDataSource       : HikariPool-1 - Starting...
2021-07-13 09:41:55.887  INFO 3772 --- [restartedMain] com.zaxxer.hikari.HikariDataSource       : HikariPool-1 - Start completed.
2021-07-13 09:41:55.980  INFO 3772 --- [restartedMain] j.LocalContainerEntityManagerFactoryBean : Building JPA container EntityManagerFactory for persistence unit 'default'
2021-07-13 09:41:56.027  INFO 3772 --- [restartedMain] o.hibernate.jpa.internal.util.LogHelper  : HHH000204: Processing PersistenceUnitInfo [
	name: default
	...]
2021-07-13 09:41:56.324  INFO 3772 --- [restartedMain] org.hibernate.Version                    : HHH000412: Hibernate Core {5.2.17.Final}
2021-07-13 09:41:56.324  INFO 3772 --- [restartedMain] org.hibernate.cfg.Environment            : HHH000206: hibernate.properties not found
2021-07-13 09:41:56.433  INFO 3772 --- [restartedMain] o.hibernate.annotations.common.Version   : HCANN000001: Hibernate Commons Annotations {5.0.1.Final}
2021-07-13 09:41:57.136  INFO 3772 --- [restartedMain] org.hibernate.dialect.Dialect            : HHH000400: Using dialect: org.hibernate.dialect.PostgreSQL95Dialect
2021-07-13 09:41:57.480  INFO 3772 --- [restartedMain] o.h.e.j.e.i.LobCreatorBuilderImpl        : HHH000421: Disabling contextual LOB creation as hibernate.jdbc.lob.non_contextual_creation is true
2021-07-13 09:41:57.496  INFO 3772 --- [restartedMain] org.hibernate.type.BasicTypeRegistry     : HHH000270: Type registration [java.util.UUID] overrides previous : org.hibernate.type.UUIDBinaryType@672d6f76
2021-07-13 09:42:00.058  INFO 3772 --- [restartedMain] j.LocalContainerEntityManagerFactoryBean : Initialized JPA EntityManagerFactory for persistence unit 'default'
2021-07-13 09:42:01.214  INFO 3772 --- [restartedMain] o.h.h.i.QueryTranslatorFactoryInitiator  : HHH000397: Using ASTQueryTranslatorFactory
2021-07-13 09:42:03.308  WARN 3772 --- [restartedMain] o.s.w.s.handler.SimpleUrlHandlerMapping  : Neither 'urlMap' nor 'mappings' set on SimpleUrlHandlerMapping
2021-07-13 09:42:03.761  INFO 3772 --- [restartedMain] o.s.s.web.DefaultSecurityFilterChain     : Creating filter chain: org.springframework.security.web.util.matcher.AnyRequestMatcher@1, [org.springframework.security.web.context.request.async.WebAsyncManagerIntegrationFilter@ffe16c2, org.springframework.security.web.context.SecurityContextPersistenceFilter@7235122, org.springframework.security.web.header.HeaderWriterFilter@4e39ed6a, org.springframework.security.web.csrf.CsrfFilter@3855580f, org.springframework.security.web.authentication.logout.LogoutFilter@1511c4, org.springframework.security.web.authentication.UsernamePasswordAuthenticationFilter@4ba379ef, org.springframework.security.web.savedrequest.RequestCacheAwareFilter@366ee54d, org.springframework.security.web.servletapi.SecurityContextHolderAwareRequestFilter@23173b66, org.springframework.security.web.authentication.AnonymousAuthenticationFilter@5bb7784d, org.springframework.security.web.session.SessionManagementFilter@690e54ab, org.springframework.security.web.access.ExceptionTranslationFilter@b9c16ec, org.springframework.security.web.access.intercept.FilterSecurityInterceptor@47931458]
2021-07-13 09:42:04.230  INFO 3772 --- [restartedMain] s.w.s.m.m.a.RequestMappingHandlerAdapter : Looking for @ControllerAdvice: org.springframework.boot.web.servlet.context.AnnotationConfigServletWebServerApplicationContext@15105016: startup date [Tue Jul 13 09:41:45 WEST 2021]; root of context hierarchy
2021-07-13 09:42:04.308  WARN 3772 --- [restartedMain] aWebConfiguration$JpaWebMvcConfiguration : spring.jpa.open-in-view is enabled by default. Therefore, database queries may be performed during view rendering. Explicitly configure spring.jpa.open-in-view to disable this warning
2021-07-13 09:42:04.370  INFO 3772 --- [restartedMain] s.w.s.m.m.a.RequestMappingHandlerMapping : Mapped "{[/]}" onto public java.lang.String com.far.recrutement.controllers.AcceuilController.home(javax.servlet.http.HttpServletRequest,javax.servlet.http.HttpSession,org.springframework.ui.Model,java.lang.String) throws java.net.UnknownHostException
2021-07-13 09:42:04.370  INFO 3772 --- [restartedMain] s.w.s.m.m.a.RequestMappingHandlerMapping : Mapped "{[/resultat]}" onto public java.lang.String com.far.recrutement.controllers.AcceuilController.resultat()
2021-07-13 09:42:04.370  INFO 3772 --- [restartedMain] s.w.s.m.m.a.RequestMappingHandlerMapping : Mapped "{[/apropos]}" onto public java.lang.String com.far.recrutement.controllers.AcceuilController.about()
2021-07-13 09:42:04.370  INFO 3772 --- [restartedMain] s.w.s.m.m.a.RequestMappingHandlerMapping : Mapped "{[/login]}" onto public java.lang.String com.far.recrutement.controllers.AcceuilController.connexion()
2021-07-13 09:42:04.370  INFO 3772 --- [restartedMain] s.w.s.m.m.a.RequestMappingHandlerMapping : Mapped "{[/contact]}" onto public java.lang.String com.far.recrutement.controllers.AcceuilController.contact(org.springframework.ui.Model)
2021-07-13 09:42:04.370  INFO 3772 --- [restartedMain] s.w.s.m.m.a.RequestMappingHandlerMapping : Mapped "{[/mentionslegales]}" onto public java.lang.String com.far.recrutement.controllers.AcceuilController.mentions()
2021-07-13 09:42:04.386  INFO 3772 --- [restartedMain] s.w.s.m.m.a.RequestMappingHandlerMapping : Mapped "{[/api],methods=[GET]}" onto public java.util.List<com.far.recrutement.entities.Data> com.far.recrutement.controllers.ApiController.api(javax.servlet.http.HttpServletRequest)
2021-07-13 09:42:04.386  INFO 3772 --- [restartedMain] s.w.s.m.m.a.RequestMappingHandlerMapping : Mapped "{[/api/{script}],methods=[GET]}" onto public java.util.List<com.far.recrutement.entities.Data> com.far.recrutement.controllers.ApiController.api2(javax.servlet.http.HttpServletRequest,java.lang.String)
2021-07-13 09:42:04.386  INFO 3772 --- [restartedMain] s.w.s.m.m.a.RequestMappingHandlerMapping : Mapped "{[/saveChangePassword],methods=[POST]}" onto public java.lang.String com.far.recrutement.controllers.CandidatController.saveChangePassword(javax.servlet.http.HttpSession,org.springframework.ui.Model,com.far.recrutement.util.CaptchaImage,org.springframework.web.servlet.mvc.support.RedirectAttributes,java.lang.String,java.lang.String,java.lang.String)
2021-07-13 09:42:04.386  INFO 3772 --- [restartedMain] s.w.s.m.m.a.RequestMappingHandlerMapping : Mapped "{[/user/editProfile],methods=[GET]}" onto public java.lang.String com.far.recrutement.controllers.CandidatController.editGet(org.springframework.ui.Model,javax.servlet.http.HttpSession)
2021-07-13 09:42:04.386  INFO 3772 --- [restartedMain] s.w.s.m.m.a.RequestMappingHandlerMapping : Mapped "{[/user/editCandidat],methods=[POST]}" onto public java.lang.String com.far.recrutement.controllers.CandidatController.editCandidat(com.far.recrutement.util.CaptchaImage,com.far.recrutement.models.Candidat,org.springframework.validation.BindingResult,org.springframework.web.servlet.mvc.support.RedirectAttributes)
2021-07-13 09:42:04.386  INFO 3772 --- [restartedMain] s.w.s.m.m.a.RequestMappingHandlerMapping : Mapped "{[/ajoutCandidat],methods=[POST]}" onto public java.lang.String com.far.recrutement.controllers.CandidatController.ajoutCandidat(com.far.recrutement.util.CaptchaImage,org.springframework.ui.Model,com.far.recrutement.models.Candidat,org.springframework.validation.BindingResult,org.springframework.web.servlet.mvc.support.RedirectAttributes)
2021-07-13 09:42:04.386  INFO 3772 --- [restartedMain] s.w.s.m.m.a.RequestMappingHandlerMapping : Mapped "{[/ChangePassword],methods=[GET]}" onto public java.lang.String com.far.recrutement.controllers.CandidatController.ChangePassword(javax.servlet.http.HttpSession,org.springframework.ui.Model)
2021-07-13 09:42:04.386  INFO 3772 --- [restartedMain] s.w.s.m.m.a.RequestMappingHandlerMapping : Mapped "{[/inscription],methods=[GET]}" onto public java.lang.String com.far.recrutement.controllers.CandidatController.inscriptionGet(org.springframework.ui.Model,javax.servlet.http.HttpSession,java.lang.String,java.lang.String,javax.servlet.http.HttpServletRequest)
2021-07-13 09:42:04.386  INFO 3772 --- [restartedMain] s.w.s.m.m.a.RequestMappingHandlerMapping : Mapped "{[/user/profil],methods=[GET]}" onto public java.lang.String com.far.recrutement.controllers.CandidatController.getProfil(org.springframework.ui.Model,javax.servlet.http.HttpSession)
2021-07-13 09:42:04.386  INFO 3772 --- [restartedMain] s.w.s.m.m.a.RequestMappingHandlerMapping : Mapped "{[/concours]}" onto public java.lang.String com.far.recrutement.controllers.ConcoursController.index(javax.servlet.http.HttpSession,java.lang.String,int,long,org.springframework.ui.Model,long)
2021-07-13 09:42:04.386  INFO 3772 --- [restartedMain] s.w.s.m.m.a.RequestMappingHandlerMapping : Mapped "{[/concours/details/{concours}]}" onto public java.lang.String com.far.recrutement.controllers.ConcoursController.details(javax.servlet.http.HttpSession,org.springframework.ui.Model,java.lang.Long)
2021-07-13 09:42:04.386  INFO 3772 --- [restartedMain] s.w.s.m.m.a.RequestMappingHandlerMapping : Mapped "{[/activer/{code}]}" onto public java.lang.String com.far.recrutement.controllers.EmailController.activer(javax.servlet.http.HttpSession,org.springframework.ui.Model,java.lang.String)
2021-07-13 09:42:04.386  INFO 3772 --- [restartedMain] s.w.s.m.m.a.RequestMappingHandlerMapping : Mapped "{[/envoiEmail/{id}]}" onto public java.lang.String com.far.recrutement.controllers.EmailController.envoiEmail(javax.servlet.http.HttpSession,org.springframework.ui.Model,java.lang.Long)
2021-07-13 09:42:04.386  INFO 3772 --- [restartedMain] s.w.s.m.m.a.RequestMappingHandlerMapping : Mapped "{[/avis],methods=[GET]}" onto public java.lang.String com.far.recrutement.controllers.MessageController.contact(org.springframework.ui.Model)
2021-07-13 09:42:04.402  INFO 3772 --- [restartedMain] s.w.s.m.m.a.RequestMappingHandlerMapping : Mapped "{[/message/new]}" onto public java.lang.String com.far.recrutement.controllers.MessageController.newConcours(org.springframework.ui.Model,com.far.recrutement.models.Message,org.springframework.validation.BindingResult)
2021-07-13 09:42:04.402  INFO 3772 --- [restartedMain] s.w.s.m.m.a.RequestMappingHandlerMapping : Mapped "{[/faq],methods=[GET]}" onto public java.lang.String com.far.recrutement.controllers.MessageController.faq(org.springframework.ui.Model)
2021-07-13 09:42:04.402  INFO 3772 --- [restartedMain] s.w.s.m.m.a.RequestMappingHandlerMapping : Mapped "{[/newpassword]}" onto public java.lang.String com.far.recrutement.controllers.PasswordRecoveryController.home(javax.servlet.http.HttpServletRequest,javax.servlet.http.HttpSession,org.springframework.ui.Model,com.far.recrutement.models.Candidat,com.far.recrutement.util.CaptchaImage)
2021-07-13 09:42:04.402  INFO 3772 --- [restartedMain] s.w.s.m.m.a.RequestMappingHandlerMapping : Mapped "{[/passwordrecovery]}" onto public java.lang.String com.far.recrutement.controllers.PasswordRecoveryController.home(org.springframework.ui.Model)
2021-07-13 09:42:04.402  INFO 3772 --- [restartedMain] s.w.s.m.m.a.RequestMappingHandlerMapping : Mapped "{[/password]}" onto public java.lang.String com.far.recrutement.controllers.PasswordRecoveryController.setpassword(javax.servlet.http.HttpServletRequest,javax.servlet.http.HttpSession,org.springframework.ui.Model,com.far.recrutement.models.Candidat)
2021-07-13 09:42:04.402  INFO 3772 --- [restartedMain] s.w.s.m.m.a.RequestMappingHandlerMapping : Mapped "{[/passwordrecovery/{code}]}" onto public java.lang.String com.far.recrutement.controllers.PasswordRecoveryController.changepassword(org.springframework.ui.Model,java.lang.String)
2021-07-13 09:42:04.402  INFO 3772 --- [restartedMain] s.w.s.m.m.a.RequestMappingHandlerMapping : Mapped "{[/user/inscriptions/add/{id}]}" onto public java.lang.String com.far.recrutement.controllers.UserInterfaceController.add(javax.servlet.http.HttpSession,javax.servlet.http.HttpServletRequest,org.springframework.ui.Model,java.lang.Long,java.lang.Long)
2021-07-13 09:42:04.402  INFO 3772 --- [restartedMain] s.w.s.m.m.a.RequestMappingHandlerMapping : Mapped "{[/user/nonrecu/{id}]}" onto public java.lang.String com.far.recrutement.controllers.UserInterfaceController.nonrecu(javax.servlet.http.HttpServletResponse,org.springframework.ui.Model,java.lang.Long) throws java.io.IOException
2021-07-13 09:42:04.402  INFO 3772 --- [restartedMain] s.w.s.m.m.a.RequestMappingHandlerMapping : Mapped "{[/user/inscriptions]}" onto public java.lang.String com.far.recrutement.controllers.UserInterfaceController.lister(org.springframework.ui.Model,javax.servlet.http.HttpSession,int)
2021-07-13 09:42:04.402  INFO 3772 --- [restartedMain] s.w.s.m.m.a.RequestMappingHandlerMapping : Mapped "{[/inscription/email]}" onto public java.lang.Boolean com.far.recrutement.restcontroller.CandidatRestController.emailExists(java.lang.String)
2021-07-13 09:42:04.402  INFO 3772 --- [restartedMain] s.w.s.m.m.a.RequestMappingHandlerMapping : Mapped "{[/inscription/cnie]}" onto public java.lang.Boolean com.far.recrutement.restcontroller.CandidatRestController.cnieExists(java.lang.String)
2021-07-13 09:42:04.402  INFO 3772 --- [restartedMain] s.w.s.m.m.a.RequestMappingHandlerMapping : Mapped "{[/image],methods=[GET]}" onto public void com.far.recrutement.restcontroller.ImageRestController.getImage(java.lang.String,int,int,javax.servlet.http.HttpServletResponse)
2021-07-13 09:42:04.402  INFO 3772 --- [restartedMain] s.w.s.m.m.a.RequestMappingHandlerMapping : Mapped "{[/inscription/options]}" onto public java.util.List<com.far.recrutement.models.Option> com.far.recrutement.restcontroller.OptionRestController.getOptions(javax.servlet.http.HttpSession,java.lang.Long)
2021-07-13 09:42:04.402  INFO 3772 --- [restartedMain] s.w.s.m.m.a.RequestMappingHandlerMapping : Mapped "{[/user/convocation/{id}]}" onto public void com.far.recrutement.restcontroller.PdfRestController.convocation(javax.servlet.http.HttpServletResponse,org.springframework.ui.Model,java.lang.Long) throws java.io.IOException
2021-07-13 09:42:04.402  INFO 3772 --- [restartedMain] s.w.s.m.m.a.RequestMappingHandlerMapping : Mapped "{[/user/convocation3/{id}]}" onto public void com.far.recrutement.restcontroller.PdfRestController.convocation3(javax.servlet.http.HttpServletResponse,org.springframework.ui.Model,java.lang.Long) throws java.io.IOException
2021-07-13 09:42:04.402  INFO 3772 --- [restartedMain] s.w.s.m.m.a.RequestMappingHandlerMapping : Mapped "{[/barcode/{code}],methods=[GET]}" onto public void com.far.recrutement.restcontroller.PdfRestController.barcode(java.lang.String,javax.servlet.http.HttpServletResponse) throws java.lang.Exception
2021-07-13 09:42:04.402  INFO 3772 --- [restartedMain] s.w.s.m.m.a.RequestMappingHandlerMapping : Mapped "{[/inscription/villes]}" onto public java.util.List<com.far.recrutement.models.Ville> com.far.recrutement.restcontroller.VilleRestController.getVilles(javax.servlet.http.HttpSession,java.lang.Long)
2021-07-13 09:42:04.417  INFO 3772 --- [restartedMain] s.w.s.m.m.a.RequestMappingHandlerMapping : Mapped "{[/error]}" onto public org.springframework.http.ResponseEntity<java.util.Map<java.lang.String, java.lang.Object>> org.springframework.boot.autoconfigure.web.servlet.error.BasicErrorController.error(javax.servlet.http.HttpServletRequest)
2021-07-13 09:42:04.417  INFO 3772 --- [restartedMain] s.w.s.m.m.a.RequestMappingHandlerMapping : Mapped "{[/error],produces=[text/html]}" onto public org.springframework.web.servlet.ModelAndView org.springframework.boot.autoconfigure.web.servlet.error.BasicErrorController.errorHtml(javax.servlet.http.HttpServletRequest,javax.servlet.http.HttpServletResponse)
2021-07-13 09:42:04.558  INFO 3772 --- [restartedMain] o.s.w.s.handler.SimpleUrlHandlerMapping  : Mapped URL path [/webjars/**] onto handler of type [class org.springframework.web.servlet.resource.ResourceHttpRequestHandler]
2021-07-13 09:42:04.558  INFO 3772 --- [restartedMain] o.s.w.s.handler.SimpleUrlHandlerMapping  : Mapped URL path [/**] onto handler of type [class org.springframework.web.servlet.resource.ResourceHttpRequestHandler]
2021-07-13 09:42:05.292  INFO 3772 --- [restartedMain] o.s.b.d.a.OptionalLiveReloadServer       : LiveReload server is running on port 35729
2021-07-13 09:42:05.386  INFO 3772 --- [restartedMain] o.s.j.e.a.AnnotationMBeanExporter        : Registering beans for JMX exposure on startup
2021-07-13 09:42:05.401  INFO 3772 --- [restartedMain] o.s.j.e.a.AnnotationMBeanExporter        : Bean with name 'dataSource' has been autodetected for JMX exposure
2021-07-13 09:42:05.401  INFO 3772 --- [restartedMain] o.s.j.e.a.AnnotationMBeanExporter        : Located MBean 'dataSource': registering with JMX server as MBean [com.zaxxer.hikari:name=dataSource,type=HikariDataSource]
2021-07-13 09:42:05.480  INFO 3772 --- [restartedMain] o.s.b.w.embedded.tomcat.TomcatWebServer  : Tomcat started on port(s): 99 (http) with context path ''
2021-07-13 09:42:05.480  INFO 3772 --- [restartedMain] com.far.RecrutementApplication           : Started RecrutementApplication in 21.186 seconds (JVM running for 22.979)
2021-07-13 09:42:20.017  INFO 3772 --- [http-nio-99-exec-1] o.a.c.c.C.[Tomcat].[localhost].[/]       : Initializing Spring FrameworkServlet 'loggableDispatcherServlet'
2021-07-13 09:42:20.017  INFO 3772 --- [http-nio-99-exec-1] c.f.r.config.LoggableDispatcherServlet   : FrameworkServlet 'loggableDispatcherServlet': initialization started
2021-07-13 09:42:20.057  INFO 3772 --- [http-nio-99-exec-1] c.f.r.config.LoggableDispatcherServlet   : FrameworkServlet 'loggableDispatcherServlet': initialization completed in 40 ms
2021-07-13 09:42:21.665  INFO 3772 --- [http-nio-99-exec-1] c.f.r.config.LoggableDispatcherServlet   : 0:0:0:0:0:0:0:1:GET /(200)
2021-07-13 09:42:21.841  INFO 3772 --- [http-nio-99-exec-3] c.f.r.config.LoggableDispatcherServlet   : 0:0:0:0:0:0:0:1:GET /css/animate.css(200)
2021-07-13 09:42:21.905  INFO 3772 --- [http-nio-99-exec-8] c.f.r.config.LoggableDispatcherServlet   : 0:0:0:0:0:0:0:1:GET /css/styles.css(200)
2021-07-13 09:42:21.969  INFO 3772 --- [http-nio-99-exec-5] c.f.r.config.LoggableDispatcherServlet   : 0:0:0:0:0:0:0:1:GET /css/font-awesome.min.css(200)
2021-07-13 09:42:21.969  INFO 3772 --- [http-nio-99-exec-6] c.f.r.config.LoggableDispatcherServlet   : 0:0:0:0:0:0:0:1:GET /css/magnific-popup.css(200)
2021-07-13 09:42:21.977  INFO 3772 --- [http-nio-99-exec-2] c.f.r.config.LoggableDispatcherServlet   : 0:0:0:0:0:0:0:1:GET /css/bootstrap.min.css(200)
2021-07-13 09:42:21.977  INFO 3772 --- [http-nio-99-exec-7] c.f.r.config.LoggableDispatcherServlet   : 0:0:0:0:0:0:0:1:GET /css/slicknav.min.css(200)
2021-07-13 09:42:21.977  INFO 3772 --- [http-nio-99-exec-4] c.f.r.config.LoggableDispatcherServlet   : 0:0:0:0:0:0:0:1:GET /css/owl.carousel.css(200)
2021-07-13 09:42:22.033  INFO 3772 --- [http-nio-99-exec-9] c.f.r.config.LoggableDispatcherServlet   : 0:0:0:0:0:0:0:1:GET /css/responsive.css(200)
2021-07-13 09:42:22.041  INFO 3772 --- [http-nio-99-exec-10] c.f.r.config.LoggableDispatcherServlet   : 0:0:0:0:0:0:0:1:GET /keyboard/jquery.ml-keyboard.css(200)
2021-07-13 09:42:22.169  INFO 3772 --- [http-nio-99-exec-3] c.f.r.config.LoggableDispatcherServlet   : 0:0:0:0:0:0:0:1:GET /js/bootstrap.min.js(200)
2021-07-13 09:42:22.177  INFO 3772 --- [http-nio-99-exec-1] c.f.r.config.LoggableDispatcherServlet   : 0:0:0:0:0:0:0:1:GET /js/vendor/jquery-1.12.4.min.js(200)
2021-07-13 09:42:22.265  INFO 3772 --- [http-nio-99-exec-8] c.f.r.config.LoggableDispatcherServlet   : 0:0:0:0:0:0:0:1:GET /js/owl.carousel.min.js(200)
2021-07-13 09:42:22.329  INFO 3772 --- [http-nio-99-exec-5] c.f.r.config.LoggableDispatcherServlet   : 0:0:0:0:0:0:0:1:GET /js/counterup.main.js(200)
2021-07-13 09:42:22.377  INFO 3772 --- [http-nio-99-exec-6] c.f.r.config.LoggableDispatcherServlet   : 0:0:0:0:0:0:0:1:GET /js/imagesloaded.pkgd.min.js(200)
2021-07-13 09:42:22.385  INFO 3772 --- [http-nio-99-exec-7] c.f.r.config.LoggableDispatcherServlet   : 0:0:0:0:0:0:0:1:GET /js/isotope.pkgd.min.js(200)
2021-07-13 09:42:22.561  INFO 3772 --- [http-nio-99-exec-4] c.f.r.config.LoggableDispatcherServlet   : 0:0:0:0:0:0:0:1:GET /js/jquery.waypoints.min.js(200)
2021-07-13 09:42:22.585  INFO 3772 --- [http-nio-99-exec-9] c.f.r.config.LoggableDispatcherServlet   : 0:0:0:0:0:0:0:1:GET /js/jquery.slicknav.min.js(200)
2021-07-13 09:42:22.593  INFO 3772 --- [http-nio-99-exec-10] c.f.r.config.LoggableDispatcherServlet   : 0:0:0:0:0:0:0:1:GET /js/snake.min.js(200)
2021-07-13 09:42:22.601  INFO 3772 --- [http-nio-99-exec-3] c.f.r.config.LoggableDispatcherServlet   : 0:0:0:0:0:0:0:1:GET /js/wow.min.js(200)
2021-07-13 09:42:22.601  INFO 3772 --- [http-nio-99-exec-2] c.f.r.config.LoggableDispatcherServlet   : 0:0:0:0:0:0:0:1:GET /js/jquery.magnific-popup.min.js(200)
2021-07-13 09:42:22.737  INFO 3772 --- [http-nio-99-exec-4] c.f.r.config.LoggableDispatcherServlet   : 0:0:0:0:0:0:0:1:GET /keyboard/demo.js(200)
2021-07-13 09:42:22.753  INFO 3772 --- [http-nio-99-exec-1] c.f.r.config.LoggableDispatcherServlet   : 0:0:0:0:0:0:0:1:GET /js/plugins.js(200)
2021-07-13 09:42:22.761  INFO 3772 --- [http-nio-99-exec-8] c.f.r.config.LoggableDispatcherServlet   : 0:0:0:0:0:0:0:1:GET /js/scripts.js(200)
2021-07-13 09:42:22.769  INFO 3772 --- [http-nio-99-exec-5] c.f.r.config.LoggableDispatcherServlet   : 0:0:0:0:0:0:0:1:GET /js/vendor/modernizr-2.8.3.min.js(200)
2021-07-13 09:42:22.777  INFO 3772 --- [http-nio-99-exec-7] c.f.r.config.LoggableDispatcherServlet   : 0:0:0:0:0:0:0:1:GET /keyboard/jquery.ml-keyboard.js(200)
2021-07-13 09:42:22.809  INFO 3772 --- [http-nio-99-exec-10] c.f.r.config.LoggableDispatcherServlet   : 0:0:0:0:0:0:0:1:GET /cat/ERI.jpg(200)
2021-07-13 09:42:22.865  INFO 3772 --- [http-nio-99-exec-6] c.f.r.config.LoggableDispatcherServlet   : 0:0:0:0:0:0:0:1:GET /keyboard/jquery-1.11.0.min.js(200)
2021-07-13 09:42:22.993  INFO 3772 --- [http-nio-99-exec-9] c.f.r.config.LoggableDispatcherServlet   : 0:0:0:0:0:0:0:1:GET /js/video.js(200)
2021-07-13 09:42:23.001  INFO 3772 --- [http-nio-99-exec-3] c.f.r.config.LoggableDispatcherServlet   : 0:0:0:0:0:0:0:1:GET /cat/efsno.jpg(200)
2021-07-13 09:42:23.001  INFO 3772 --- [http-nio-99-exec-2] c.f.r.config.LoggableDispatcherServlet   : 0:0:0:0:0:0:0:1:GET /cat/cimr.jpg(200)
2021-07-13 09:42:23.073  INFO 3772 --- [http-nio-99-exec-4] c.f.r.config.LoggableDispatcherServlet   : 0:0:0:0:0:0:0:1:GET /fonts/fontawesome-webfont.woff2(200)
2021-07-13 09:42:23.481  INFO 3772 --- [http-nio-99-exec-1] c.f.r.config.LoggableDispatcherServlet   : 0:0:0:0:0:0:0:1:GET /images/faviconn.png(200)
